<?xml version="1.0" encoding="UTF-8"?>
<!-- Generated by org.testng.reporters.JUnitReportReporter -->
<testsuite hostname="DESKTOP-EVUVHLP" failures="0" tests="2" name="com.api.testscripts.GooglePlaceAPITestScripts" time="8.597" errors="0" timestamp="06 Aug 2023 10:29:31 GMT" skipped="1">
  <testcase classname="com.api.testscripts.GooglePlaceAPITestScripts" name="verifyGoogleAPI" time="8.597"/>
  <testcase classname="com.api.testscripts.GooglePlaceAPITestScripts" name="verifyGooglePlaceAPI">
    <skipped/>
  </testcase> <!-- verifyGooglePlaceAPI -->
</testsuite> <!-- com.api.testscripts.GooglePlaceAPITestScripts -->
