<?xml version="1.0" encoding="UTF-8"?>
<!-- Generated by org.testng.reporters.JUnitReportReporter -->
<testsuite hostname="DESKTOP-EVUVHLP" failures="0" tests="2" name="com.api.testscripts.GraphQLScripts" time="5.430" errors="0" timestamp="11 Sep 2023 01:10:48 GMT" skipped="0">
  <testcase classname="com.api.testscripts.GraphQLScripts" name="verifyGraphQLMutation" time="3.891"/>
  <testcase classname="com.api.testscripts.GraphQLScripts" name="verifyGraphQLQuery" time="1.539"/>
</testsuite> <!-- com.api.testscripts.GraphQLScripts -->
