<?xml version="1.0" encoding="UTF-8"?>
<!-- Generated by org.testng.reporters.JUnitReportReporter -->
<testsuite hostname="DESKTOP-EVUVHLP" failures="0" tests="2" name="com.api.testscripts.OAuthTestScripts" time="6.482" errors="0" timestamp="17 Sep 2023 21:40:31 GMT" skipped="1">
  <testcase classname="com.api.testscripts.OAuthTestScripts" name="oAuthorization_Code_TestVerification" time="6.482"/>
  <testcase classname="com.api.testscripts.OAuthTestScripts" name="oAuth_Client_Credential_TestVerification">
    <skipped/>
  </testcase> <!-- oAuth_Client_Credential_TestVerification -->
</testsuite> <!-- com.api.testscripts.OAuthTestScripts -->
