<?xml version="1.0" encoding="UTF-8"?>
<!-- Generated by org.testng.reporters.JUnitReportReporter -->
<testsuite hostname="DESKTOP-EVUVHLP" failures="0" tests="2" name="com.api.testscripts.GraphQLScripts" time="5.455" errors="0" timestamp="17 Sep 2023 14:13:34 GMT" skipped="0">
  <testcase classname="com.api.testscripts.GraphQLScripts" name="verifyGraphQLQuery" time="1.607"/>
  <testcase classname="com.api.testscripts.GraphQLScripts" name="verifyGraphQLMutation" time="3.848"/>
</testsuite> <!-- com.api.testscripts.GraphQLScripts -->
