<?xml version="1.0" encoding="UTF-8"?>
<!-- Generated by org.testng.reporters.JUnitReportReporter -->
<testsuite hostname="DESKTOP-EVUVHLP" failures="0" tests="1" name="com.api.testscripts.Serialization" time="4.793" errors="0" timestamp="28 Sep 2023 21:41:38 GMT" skipped="0">
  <testcase classname="com.api.testscripts.Serialization" name="serializationTest" time="4.793"/>
</testsuite> <!-- com.api.testscripts.Serialization -->
