<?xml version="1.0" encoding="UTF-8"?>
<!-- Generated by org.testng.reporters.JUnitReportReporter -->
<testsuite hostname="DESKTOP-EVUVHLP" failures="0" tests="1" name="com.api.testscripts.EcommerceAPITestScripts" time="7.763" errors="0" timestamp="29 Sep 2023 08:06:23 GMT" skipped="0">
  <testcase classname="com.api.testscripts.EcommerceAPITestScripts" name="ecommerceAPITest" time="7.763"/>
</testsuite> <!-- com.api.testscripts.EcommerceAPITestScripts -->
