<?xml version="1.0" encoding="UTF-8"?>
<!-- Generated by org.testng.reporters.JUnitReportReporter -->
<testsuite hostname="DESKTOP-EVUVHLP" failures="0" tests="1" name="com.api.testscripts.EcommerceAPITestScripts" time="38.831" errors="0" timestamp="2023-08-30T21:27:38 IST" skipped="0">
  <testcase classname="com.api.testscripts.EcommerceAPITestScripts" name="ecommerceAPITest" time="38.831"/>
</testsuite> <!-- com.api.testscripts.EcommerceAPITestScripts -->
