<?xml version="1.0" encoding="UTF-8"?>
<!-- Generated by org.testng.reporters.JUnitReportReporter -->
<testsuite hostname="DESKTOP-EVUVHLP" failures="0" tests="3" name="com.api.testscripts.DynamicJsonScripts" time="5.815" errors="0" timestamp="17 Sep 2023 20:11:33 GMT" skipped="0">
  <testcase classname="com.api.testscripts.DynamicJsonScripts" name="addBook" time="0.261"/>
  <testcase classname="com.api.testscripts.DynamicJsonScripts" name="addBook" time="0.305"/>
  <testcase classname="com.api.testscripts.DynamicJsonScripts" name="addBook" time="5.249"/>
</testsuite> <!-- com.api.testscripts.DynamicJsonScripts -->
