<?xml version="1.0" encoding="UTF-8"?>
<!-- Generated by org.testng.reporters.JUnitReportReporter -->
<testsuite hostname="DESKTOP-EVUVHLP" failures="0" tests="2" name="com.api.testscripts.PojoTestScripts" time="7.327" errors="0" timestamp="17 Sep 2023 21:58:05 GMT" skipped="0">
  <testcase classname="com.api.testscripts.PojoTestScripts" name="test" time="0.003"/>
  <testcase classname="com.api.testscripts.PojoTestScripts" name="addBook" time="7.324"/>
</testsuite> <!-- com.api.testscripts.PojoTestScripts -->
