<?xml version="1.0" encoding="UTF-8"?>
<!-- Generated by org.testng.reporters.JUnitReportReporter -->
<testsuite hostname="DESKTOP-EVUVHLP" failures="0" tests="2" name="com.api.testscripts.SpecBuilderTest" time="4.517" errors="0" timestamp="29 Sep 2023 06:46:48 GMT" skipped="1">
  <testcase classname="com.api.testscripts.SpecBuilderTest" name="verifiedAddPlace" time="4.517"/>
  <testcase classname="com.api.testscripts.SpecBuilderTest" name="serializationTest">
    <skipped/>
  </testcase> <!-- serializationTest -->
</testsuite> <!-- com.api.testscripts.SpecBuilderTest -->
