<?xml version="1.0" encoding="UTF-8"?>
<!-- Generated by org.testng.reporters.JUnitReportReporter -->
<testsuite skipped="0" hostname="RAKESH-PC" name="com.api.testscripts.TestScripts" tests="5" failures="0" timestamp="17 Jul 2023 21:35:07 GMT" time="10.019" errors="0">
  <testcase name="verifyGetAPI_TC_001" time="5.209" classname="com.api.testscripts.TestScripts"/>
  <testcase name="verifyPostAPI_TC_002" time="1.273" classname="com.api.testscripts.TestScripts"/>
  <testcase name="verifyPutAPI_TC_003" time="1.177" classname="com.api.testscripts.TestScripts"/>
  <testcase name="verifyPatchAPI_TC_004" time="0.878" classname="com.api.testscripts.TestScripts"/>
  <testcase name="verifyDeleteAPI_TC_005" time="1.482" classname="com.api.testscripts.TestScripts"/>
</testsuite> <!-- com.api.testscripts.TestScripts -->
