<?xml version="1.0" encoding="UTF-8"?>
<!-- Generated by org.testng.reporters.JUnitReportReporter -->
<testsuite hostname="DESKTOP-EVUVHLP" failures="0" tests="2" name="com.api.testscripts.StaticJsonScripts" time="11.291" errors="0" timestamp="09 Sep 2023 19:27:12 GMT" skipped="1">
  <testcase classname="com.api.testscripts.StaticJsonScripts" name="addPlace" time="11.291"/>
  <testcase classname="com.api.testscripts.StaticJsonScripts" name="addBook">
    <skipped/>
  </testcase> <!-- addBook -->
</testsuite> <!-- com.api.testscripts.StaticJsonScripts -->
