<?xml version="1.0" encoding="UTF-8"?>
<!-- Generated by org.testng.reporters.JUnitReportReporter -->
<testsuite hostname="DESKTOP-EVUVHLP" failures="0" tests="1" name="com.api.testscripts.SpecBuilderTest" time="4.603" errors="0" timestamp="14 Aug 2023 21:21:50 GMT" skipped="0">
  <testcase classname="com.api.testscripts.SpecBuilderTest" name="serializationTest" time="4.603"/>
</testsuite> <!-- com.api.testscripts.SpecBuilderTest -->
