<?xml version="1.0" encoding="UTF-8"?>
<!-- Generated by org.testng.reporters.JUnitReportReporter -->
<testsuite hostname="DESKTOP-EVUVHLP" failures="0" tests="1" name="com.api.testscripts.HashMapExcelScripts" time="7.860" errors="0" timestamp="13 Sep 2023 09:41:05 GMT" skipped="0">
  <testcase classname="com.api.testscripts.HashMapExcelScripts" name="verifyHashMapExcelTest" time="7.860"/>
</testsuite> <!-- com.api.testscripts.HashMapExcelScripts -->
