<?xml version="1.0" encoding="UTF-8"?>
<!-- Generated by org.testng.reporters.JUnitReportReporter -->
<testsuite hostname="DESKTOP-EVUVHLP" failures="0" tests="2" name="com.api.testscripts.GooglePlaceAPITestScripts" time="8.305" errors="0" timestamp="29 Sep 2023 06:55:05 GMT" skipped="1">
  <testcase classname="com.api.testscripts.GooglePlaceAPITestScripts" name="verifyGoogleAPI" time="8.305"/>
  <testcase classname="com.api.testscripts.GooglePlaceAPITestScripts" name="verifyGooglePlaceAPI">
    <skipped/>
  </testcase> <!-- verifyGooglePlaceAPI -->
</testsuite> <!-- com.api.testscripts.GooglePlaceAPITestScripts -->
