<?xml version="1.0" encoding="UTF-8"?>
<!-- Generated by org.testng.reporters.JUnitReportReporter -->
<testsuite hostname="DESKTOP-EVUVHLP" failures="0" tests="1" name="com.api.testscripts.Serialization" time="12.494" errors="0" timestamp="14 Aug 2023 20:08:08 GMT" skipped="0">
  <testcase classname="com.api.testscripts.Serialization" name="serializationTest" time="12.494"/>
</testsuite> <!-- com.api.testscripts.Serialization -->
