<?xml version="1.0" encoding="UTF-8"?>
<!-- Generated by org.testng.reporters.JUnitReportReporter -->
<testsuite hostname="DESKTOP-EVUVHLP" failures="0" tests="2" name="com.api.testscripts.GooglePlaceAPITestScripts" time="7.623" errors="0" timestamp="10 Sep 2023 15:08:15 GMT" skipped="1">
  <testcase classname="com.api.testscripts.GooglePlaceAPITestScripts" name="verifyGoogleAPI" time="7.623"/>
  <testcase classname="com.api.testscripts.GooglePlaceAPITestScripts" name="verifyGooglePlaceAPI">
    <skipped/>
  </testcase> <!-- verifyGooglePlaceAPI -->
</testsuite> <!-- com.api.testscripts.GooglePlaceAPITestScripts -->
