<?xml version="1.0" encoding="UTF-8"?>
<!-- Generated by org.testng.reporters.JUnitReportReporter -->
<testsuite hostname="DESKTOP-EVUVHLP" failures="0" tests="1" name="com.api.testscripts.PojoTestScripts" time="5.183" errors="0" timestamp="06 Aug 2023 15:19:30 GMT" skipped="0">
  <testcase classname="com.api.testscripts.PojoTestScripts" name="addBook" time="5.183"/>
</testsuite> <!-- com.api.testscripts.PojoTestScripts -->
