<?xml version="1.0" encoding="UTF-8"?>
<!-- Generated by org.testng.reporters.JUnitReportReporter -->
<testsuite hostname="DESKTOP-EVUVHLP" failures="0" tests="3" name="com.api.testscripts.DynamicJsonScripts" time="6.118" errors="0" timestamp="06 Aug 2023 14:35:02 GMT" skipped="0">
  <testcase classname="com.api.testscripts.DynamicJsonScripts" name="addBook" time="0.432"/>
  <testcase classname="com.api.testscripts.DynamicJsonScripts" name="addBook" time="5.390"/>
  <testcase classname="com.api.testscripts.DynamicJsonScripts" name="addBook" time="0.296"/>
</testsuite> <!-- com.api.testscripts.DynamicJsonScripts -->
