<?xml version="1.0" encoding="UTF-8"?>
<!-- Generated by org.testng.reporters.JUnitReportReporter -->
<testsuite hostname="DESKTOP-EVUVHLP" failures="0" tests="1" name="com.api.testscripts.practices.EcomerceTestScripts" time="10.221" errors="0" timestamp="18 Sep 2023 11:59:19 GMT" skipped="0">
  <testcase classname="com.api.testscripts.practices.EcomerceTestScripts" name="verifyEcomerceProduct" time="10.221"/>
</testsuite> <!-- com.api.testscripts.practices.EcomerceTestScripts -->
