<?xml version="1.0" encoding="UTF-8"?>
<!-- Generated by org.testng.reporters.JUnitReportReporter -->
<testsuite hostname="DESKTOP-EVUVHLP" failures="0" tests="1" name="com.api.testscripts.practices.DemoAddPlace" time="8.142" errors="0" timestamp="07 Nov 2023 22:50:11 GMT" skipped="0">
  <testcase classname="com.api.testscripts.practices.DemoAddPlace" name="verifyAddPlace" time="8.142"/>
</testsuite> <!-- com.api.testscripts.practices.DemoAddPlace -->
