<?xml version="1.0" encoding="UTF-8"?>
<!-- Generated by org.testng.reporters.JUnitReportReporter -->
<testsuite hostname="DESKTOP-EVUVHLP" failures="0" tests="2" name="com.api.testscripts.StaticJsonScripts" time="5.416" errors="0" timestamp="06 Aug 2023 11:09:44 GMT" skipped="1">
  <testcase classname="com.api.testscripts.StaticJsonScripts" name="addPlace" time="5.416"/>
  <testcase classname="com.api.testscripts.StaticJsonScripts" name="addBook">
    <skipped/>
  </testcase> <!-- addBook -->
</testsuite> <!-- com.api.testscripts.StaticJsonScripts -->
